<?xml version="1.0" encoding="UTF-8"?>
<!-- Generated by org.testng.reporters.JUnitReportReporter -->
<testsuite hostname="LAPTOP-OJ4Q9LIF" name="Azure.AutomationTest.launchCode" tests="1" failures="0" timestamp="8 Jul 2021 18:08:36 GMT" time="5.027" errors="0">
  <testcase name="testLauunch" time="5.027" classname="Azure.AutomationTest.launchCode"/>
</testsuite> <!-- Azure.AutomationTest.launchCode -->
